<?xml version="1.0" encoding="UTF-8"?>
<!-- Generated by org.testng.reporters.JUnitReportReporter -->
<testsuite skipped="0" hostname="mallu" name="TestSelenium" tests="1" failures="0" timestamp="26 Jun 2017 03:30:17 GMT" time="3.860" errors="0">
  <testcase name="testBrowser" time="3.860" classname="TestSelenium"/>
</testsuite> <!-- TestSelenium -->
